<?xml version="1.0" encoding="UTF-8"?>
<testsuite name="testproject.AggregatorTest" tests="4" skipped="0" failures="0" errors="0" timestamp="2022-12-15T19:38:42" hostname="DESKTOP-FBQRC84" time="0.224">
  <properties/>
  <testcase name="testInitialState" classname="testproject.AggregatorTest" time="0.223"/>
  <testcase name="testMultipleAdditions" classname="testproject.AggregatorTest" time="0.0"/>
  <testcase name="resetTest" classname="testproject.AggregatorTest" time="0.001"/>
  <testcase name="testSingleAddition" classname="testproject.AggregatorTest" time="0.0"/>
  <system-out><![CDATA[]]></system-out>
  <system-err><![CDATA[]]></system-err>
</testsuite>
