<?xml version="1.0" encoding="UTF-8"?>
<testsuite name="testproject.CalculatorTest" tests="2" skipped="0" failures="0" errors="0" timestamp="2022-12-15T19:30:03" hostname="DESKTOP-FBQRC84" time="0.005">
  <properties/>
  <testcase name="testSum" classname="testproject.CalculatorTest" time="0.005"/>
  <testcase name="testSubtract" classname="testproject.CalculatorTest" time="0.0"/>
  <system-out><![CDATA[]]></system-out>
  <system-err><![CDATA[]]></system-err>
</testsuite>
